<?xml version="1.0" encoding="UTF-8"?>
<!-- Generated by org.testng.reporters.JUnitReportReporter -->
<testsuite skipped="0" hostname="Deepjyotis-MacBook-Pro.local" name="in.lifeofacoder.tests.AppTest" tests="3" failures="0" timestamp="26 Jul 2021 11:32:24 GMT" time="49.822" errors="0">
  <testcase name="loginTest" time="4.318" classname="in.lifeofacoder.tests.AppTest"/>
  <testcase name="createNewClaimTest" time="3.310" classname="in.lifeofacoder.tests.AppTest"/>
  <testcase name="navigateToAddNewClaimTest" time="42.194" classname="in.lifeofacoder.tests.AppTest"/>
</testsuite> <!-- in.lifeofacoder.tests.AppTest -->
