<?xml version="1.0" encoding="UTF-8"?>
<!-- Generated by org.testng.reporters.JUnitReportReporter -->
<testsuite skipped="0" hostname="Deepjyotis-MacBook-Pro.local" name="com.eshipper.tests.BookShipmentFromShipTest" tests="4" failures="0" timestamp="02 Aug 2021 01:23:50 GMT" time="163.218" errors="0">
  <testcase name="verifyDetailsInOrderSummaryTest" time="6.578" classname="com.eshipper.tests.BookShipmentFromShipTest"/>
  <testcase name="navigateToOrderSummaryTest" time="134.445" classname="com.eshipper.tests.BookShipmentFromShipTest"/>
  <testcase name="navigateToShipDetailsTest" time="17.766" classname="com.eshipper.tests.BookShipmentFromShipTest"/>
  <testcase name="loginTest" time="4.429" classname="com.eshipper.tests.BookShipmentFromShipTest"/>
</testsuite> <!-- com.eshipper.tests.BookShipmentFromShipTest -->
