<?xml version="1.0" encoding="UTF-8"?>
<!-- Generated by org.testng.reporters.JUnitReportReporter -->
<testsuite skipped="0" hostname="Deepjyotis-MacBook-Pro.local" name="com.eshipper.tests.RandomTest" tests="2" failures="0" timestamp="25 Aug 2021 19:25:37 GMT" time="36.326" errors="0">
  <testcase name="loginTest" time="4.523" classname="com.eshipper.tests.RandomTest"/>
  <testcase name="navigateToStoreSettingsTest" time="31.803" classname="com.eshipper.tests.RandomTest"/>
</testsuite> <!-- com.eshipper.tests.RandomTest -->
