<?xml version="1.0" encoding="UTF-8"?>
<!-- Generated by org.testng.reporters.JUnitXMLReporter -->
<testsuite hostname="Deepjyotis-MacBook-Pro.local" ignored="0" name="EShipperTestOnChrome" tests="2" failures="0" timestamp="25 Aug 2021 19:25:37 GMT" time="53.885" errors="0">
  <testcase name="loginTest" time="4.523" classname="com.eshipper.tests.RandomTest"/>
  <testcase name="navigateToStoreSettingsTest" time="31.803" classname="com.eshipper.tests.RandomTest"/>
</testsuite> <!-- EShipperTestOnChrome -->
