<?xml version="1.0" encoding="UTF-8"?>
<!-- Generated by org.testng.reporters.JUnitXMLReporter -->
<testsuite hostname="Deepjyotis-MacBook-Pro.local" ignored="0" name="EShipperTestOnChrome" tests="4" failures="0" timestamp="02 Aug 2021 01:23:50 GMT" time="183.067" errors="0">
  <testcase name="loginTest" time="4.429" classname="com.eshipper.tests.BookShipmentFromShipTest"/>
  <testcase name="navigateToShipDetailsTest" time="17.766" classname="com.eshipper.tests.BookShipmentFromShipTest"/>
  <testcase name="navigateToOrderSummaryTest" time="134.445" classname="com.eshipper.tests.BookShipmentFromShipTest"/>
  <testcase name="verifyDetailsInOrderSummaryTest" time="6.578" classname="com.eshipper.tests.BookShipmentFromShipTest"/>
</testsuite> <!-- EShipperTestOnChrome -->
